<?xml version="1.0" encoding="UTF-8"?>
<!-- Generated by org.testng.reporters.JUnitReportReporter -->
<testsuite skipped="0" hostname="DESKTOP-L7AGLPD" name="com.automation.smallcase.qa.test.AssignmentFlipkartAmazon2" tests="1" failures="0" timestamp="27 Oct 2020 06:44:04 GMT" time="51.531" errors="0">
  <testcase name="TestFlipkartSearch" time="51.531" classname="com.automation.smallcase.qa.test.AssignmentFlipkartAmazon2"/>
</testsuite> <!-- com.automation.smallcase.qa.test.AssignmentFlipkartAmazon2 -->
