<?xml version="1.0" encoding="UTF-8"?>
<!-- Generated by org.testng.reporters.JUnitReportReporter -->
<testsuite skipped="0" hostname="DESKTOP-L7AGLPD" name="com.automation.smallcase.qa.test.AssignmentFlipkartAmazon" tests="1" failures="0" timestamp="27 Oct 2020 08:21:07 GMT" time="60.614" errors="0">
  <testcase name="TestFlipkartSearch" time="60.614" classname="com.automation.smallcase.qa.test.AssignmentFlipkartAmazon"/>
</testsuite> <!-- com.automation.smallcase.qa.test.AssignmentFlipkartAmazon -->
