<?xml version="1.0" encoding="UTF-8"?>
<!-- Generated by org.testng.reporters.JUnitReportReporter -->
<testsuite skipped="0" hostname="DESKTOP-L7AGLPD" name="com.automation.smallcase.qa.test.AssignmentFlipkart" tests="1" failures="0" timestamp="27 Oct 2020 07:57:42 GMT" time="13.596" errors="0">
  <testcase name="TestFlipkartSearch" time="13.596" classname="com.automation.smallcase.qa.test.AssignmentFlipkart"/>
</testsuite> <!-- com.automation.smallcase.qa.test.AssignmentFlipkart -->
