<?xml version="1.0" encoding="UTF-8"?>
<!-- Generated by org.testng.reporters.JUnitReportReporter -->
<testsuite skipped="0" hostname="DESKTOP-L7AGLPD" name="com.automation.vedantu.qa.test.AssignmentVed" tests="1" failures="0" timestamp="30 Oct 2020 16:52:56 GMT" time="25.125" errors="0">
  <testcase name="TestTalky" time="25.125" classname="com.automation.vedantu.qa.test.AssignmentVed"/>
</testsuite> <!-- com.automation.vedantu.qa.test.AssignmentVed -->
