<?xml version="1.0" encoding="UTF-8"?>
<!-- Generated by org.testng.reporters.JUnitReportReporter -->
<testsuite skipped="1" hostname="DESKTOP-L7AGLPD" name="com.automation.smallcase.qa.test.LandingPageTest" tests="1" failures="0" timestamp="2020-10-25T14:30:03 IST" time="0.000" errors="0">
  <testcase name="smallcaseAuto" time="0.000" classname="com.automation.smallcase.qa.test.LandingPageTest">
    <skipped/>
  </testcase> <!-- smallcaseAuto -->
  <system-out/>
</testsuite> <!-- com.automation.smallcase.qa.test.LandingPageTest -->
